d:\study\studynote\3code\modbuslib\freemodbus-v1.5.0\demo\win32tcp\debug\vc140.pdb
d:\study\studynote\3code\modbuslib\freemodbus-v1.5.0\demo\win32tcp\debug\vc140.idb
d:\study\studynote\3code\modbuslib\freemodbus-v1.5.0\demo\win32tcp\debug\mbfunccoils.obj
d:\study\studynote\3code\modbuslib\freemodbus-v1.5.0\demo\win32tcp\debug\mbfuncdiag.obj
d:\study\studynote\3code\modbuslib\freemodbus-v1.5.0\demo\win32tcp\debug\mbfuncdisc.obj
d:\study\studynote\3code\modbuslib\freemodbus-v1.5.0\demo\win32tcp\debug\mbfuncholding.obj
d:\study\studynote\3code\modbuslib\freemodbus-v1.5.0\demo\win32tcp\debug\mbfuncinput.obj
d:\study\studynote\3code\modbuslib\freemodbus-v1.5.0\demo\win32tcp\debug\mbfuncother.obj
d:\study\studynote\3code\modbuslib\freemodbus-v1.5.0\demo\win32tcp\debug\mbutils.obj
d:\study\studynote\3code\modbuslib\freemodbus-v1.5.0\demo\win32tcp\debug\mbtcp.obj
d:\study\studynote\3code\modbuslib\freemodbus-v1.5.0\demo\win32tcp\debug\portevent.obj
d:\study\studynote\3code\modbuslib\freemodbus-v1.5.0\demo\win32tcp\debug\portother.obj
d:\study\studynote\3code\modbuslib\freemodbus-v1.5.0\demo\win32tcp\debug\porttcp.obj
d:\study\studynote\3code\modbuslib\freemodbus-v1.5.0\demo\win32tcp\debug\mbcrc.obj
d:\study\studynote\3code\modbuslib\freemodbus-v1.5.0\demo\win32tcp\debug\mbrtu.obj
d:\study\studynote\3code\modbuslib\freemodbus-v1.5.0\demo\win32tcp\debug\mbascii.obj
d:\study\studynote\3code\modbuslib\freemodbus-v1.5.0\demo\win32tcp\debug\mb.obj
d:\study\studynote\3code\modbuslib\freemodbus-v1.5.0\demo\win32tcp\debug\demo.obj
d:\study\studynote\3code\modbuslib\freemodbus-v1.5.0\demo\win32tcp\debug\stdafx.obj
d:\study\studynote\3code\modbuslib\freemodbus-v1.5.0\demo\win32tcp\debug\demo.pdb
d:\study\studynote\3code\modbuslib\freemodbus-v1.5.0\demo\win32tcp\debug\demo.tlog\cl.command.1.tlog
d:\study\studynote\3code\modbuslib\freemodbus-v1.5.0\demo\win32tcp\debug\demo.tlog\cl.read.1.tlog
d:\study\studynote\3code\modbuslib\freemodbus-v1.5.0\demo\win32tcp\debug\demo.tlog\cl.write.1.tlog
d:\study\studynote\3code\modbuslib\freemodbus-v1.5.0\demo\win32tcp\debug\demo.tlog\link-cvtres.read.1.tlog
d:\study\studynote\3code\modbuslib\freemodbus-v1.5.0\demo\win32tcp\debug\demo.tlog\link-cvtres.write.1.tlog
d:\study\studynote\3code\modbuslib\freemodbus-v1.5.0\demo\win32tcp\debug\demo.tlog\link-rc.read.1.tlog
d:\study\studynote\3code\modbuslib\freemodbus-v1.5.0\demo\win32tcp\debug\demo.tlog\link-rc.write.1.tlog
d:\study\studynote\3code\modbuslib\freemodbus-v1.5.0\demo\win32tcp\debug\demo.tlog\link.command.1.tlog
d:\study\studynote\3code\modbuslib\freemodbus-v1.5.0\demo\win32tcp\debug\demo.tlog\link.read.1.tlog
d:\study\studynote\3code\modbuslib\freemodbus-v1.5.0\demo\win32tcp\debug\demo.tlog\link.write.1.tlog
