Error 15 fault message[no subcode]
"HTTP GET method not implemented"
Detail: [no detail]
Error 15 fault message[no subcode]
"HTTP GET method not implemented"
Detail: [no detail]
Error 12 fault is internal[no subcode]
"Login error"
Detail: 用户名和密码都是admin，请重试。
Error 12 fault is internal[no subcode]
"Login error"
Detail: 用户名和密码都是admin，请重试。
Error 12 fault is internal[no subcode]
"Login error"
Detail: 用户名和密码都是admin，请重试。
Error 12 fault is internal[no subcode]
"Login error"
Detail: 用户名和密码都是admin，请重试。
Error 12 fault is internal[no subcode]
"Login error"
Detail: 用户名和密码都是admin，请重试。
Error 12 fault is internal[no subcode]
"Login error"
Detail: 用户名和密码都是admin，请重试。
Error 12 fault is internal[no subcode]
"Login error"
Detail: 用户名和密码都是admin，请重试。
Error 12 fault is internal[no subcode]
"Login error"
Detail: 用户名和密码都是admin，请重试。
Error 12 fault is internal[no subcode]
"Login error"
Detail: 用户名和密码都是admin，请重试。
